<?xml version="1.0" encoding="UTF-8"?>
<!-- Generated by org.testng.reporters.JUnitReportReporter -->
<testsuite hostname="W11VM-120" failures="0" tests="1" name="executors.DBTest" time="0.672" errors="0" timestamp="2024-12-13T14:46:34 MEZ" skipped="0">
  <testcase classname="executors.DBTest" name="theTest" time="0.672"/>
</testsuite> <!-- executors.DBTest -->
