<?xml version="1.0" encoding="UTF-8"?>
<!-- Generated by org.testng.reporters.JUnitReportReporter -->
<testsuite hostname="W11VM-120" failures="0" tests="2" name="executors.PerformanceTest" time="12.829" errors="0" timestamp="2024-12-10T11:58:00 MEZ" skipped="0">
  <testcase classname="executors.PerformanceTest" name="test_performance2" time="9.499"/>
  <testcase classname="executors.PerformanceTest" name="test_performance1" time="3.330"/>
</testsuite> <!-- executors.PerformanceTest -->
