<?xml version="1.0" encoding="UTF-8"?>
<!-- Generated by org.testng.reporters.JUnitReportReporter -->
<testsuite hostname="W11VM-120" failures="0" tests="7" name="executors.SauceDemoTest" time="8.674" errors="0" timestamp="2024-11-19T18:45:34 MEZ" skipped="0">
  <testcase classname="executors.SauceDemoTest" name="loginTest3" time="0.516"/>
  <testcase classname="executors.SauceDemoTest" name="loginTest7" time="1.429"/>
  <testcase classname="executors.SauceDemoTest" name="loginTest2" time="1.630"/>
  <testcase classname="executors.SauceDemoTest" name="loginTest6" time="1.473"/>
  <testcase classname="executors.SauceDemoTest" name="loginTest4" time="1.016"/>
  <testcase classname="executors.SauceDemoTest" name="loginTest5" time="1.803"/>
  <testcase classname="executors.SauceDemoTest" name="loginTest1" time="0.807"/>
</testsuite> <!-- executors.SauceDemoTest -->
