<?xml version="1.0" encoding="UTF-8"?>
<!-- Generated by org.testng.reporters.JUnitReportReporter -->
<testsuite hostname="W11VM-120" failures="0" tests="7" name="executors.SauceDemoTest" time="7.957" errors="0" timestamp="2024-11-18T15:46:00 MEZ" skipped="0">
  <testcase classname="executors.SauceDemoTest" name="loginTest1" time="1.040"/>
  <testcase classname="executors.SauceDemoTest" name="loginTest6" time="1.382"/>
  <testcase classname="executors.SauceDemoTest" name="loginTest4" time="2.001"/>
  <testcase classname="executors.SauceDemoTest" name="loginTest5" time="1.327"/>
  <testcase classname="executors.SauceDemoTest" name="loginTest3" time="0.553"/>
  <testcase classname="executors.SauceDemoTest" name="loginTest2" time="0.574"/>
  <testcase classname="executors.SauceDemoTest" name="loginTest7" time="1.080"/>
</testsuite> <!-- executors.SauceDemoTest -->
