<?xml version="1.0" encoding="UTF-8"?>
<!-- Generated by org.testng.reporters.JUnitReportReporter -->
<testsuite hostname="W11VM-120" failures="0" tests="2" name="executors.DemoInsuranceAppTestsuite1" time="2.898" errors="0" timestamp="2025-02-24T14:47:29 MEZ" skipped="0">
  <testcase classname="executors.DemoInsuranceAppTestsuite1" name="loginTestP" time="0.993"/>
  <testcase classname="executors.DemoInsuranceAppTestsuite1" name="loginTestN" time="1.905"/>
</testsuite> <!-- executors.DemoInsuranceAppTestsuite1 -->
