<?xml version="1.0" encoding="UTF-8"?>
<!-- Generated by org.testng.reporters.JUnitReportReporter -->
<testsuite hostname="W11VM-120" failures="0" tests="1" name="executors.DemoInsuranceAppDBTest" time="0.930" errors="0" timestamp="2025-02-14T11:46:02 MEZ" skipped="0">
  <testcase classname="executors.DemoInsuranceAppDBTest" name="theTest" time="0.930"/>
</testsuite> <!-- executors.DemoInsuranceAppDBTest -->
