<?xml version="1.0" encoding="UTF-8"?>
<!-- Generated by org.testng.reporters.JUnitReportReporter -->
<testsuite hostname="W11VM-120" failures="0" tests="17" name="executors.SauceDemoTest" time="33.440" errors="0" timestamp="2024-11-28T16:34:00 MEZ" skipped="0">
  <testcase classname="executors.SauceDemoTest" name="_Test6" time="3.498"/>
  <testcase classname="executors.SauceDemoTest" name="_Test3" time="1.812"/>
  <testcase classname="executors.SauceDemoTest" name="_Test2" time="0.711"/>
  <testcase classname="executors.SauceDemoTest" name="_Test8" time="1.540"/>
  <testcase classname="executors.SauceDemoTest" name="_Test4" time="1.541"/>
  <testcase classname="executors.SauceDemoTest" name="_Test4" time="0.721"/>
  <testcase classname="executors.SauceDemoTest" name="_Test9" time="1.240"/>
  <testcase classname="executors.SauceDemoTest" name="_Test3" time="1.697"/>
  <testcase classname="executors.SauceDemoTest" name="_Test1" time="1.682"/>
  <testcase classname="executors.SauceDemoTest" name="_Test5" time="0.689"/>
  <testcase classname="executors.SauceDemoTest" name="test10" time="2.308"/>
  <testcase classname="executors.SauceDemoTest" name="_Test3" time="6.684"/>
  <testcase classname="executors.SauceDemoTest" name="_Test3" time="2.686"/>
  <testcase classname="executors.SauceDemoTest" name="_Test4" time="0.478"/>
  <testcase classname="executors.SauceDemoTest" name="_Test3" time="1.534"/>
  <testcase classname="executors.SauceDemoTest" name="_Test3" time="0.605"/>
  <testcase classname="executors.SauceDemoTest" name="_Test7" time="4.014"/>
</testsuite> <!-- executors.SauceDemoTest -->
