<?xml version="1.0" encoding="UTF-8"?>
<!-- Generated by org.testng.reporters.JUnitReportReporter -->
<testsuite hostname="W11VM-120" failures="0" tests="17" name="executors.SauceDemoTest" time="39.605" errors="0" timestamp="2025-02-13T12:51:05 MEZ" skipped="0">
  <testcase classname="executors.SauceDemoTest" name="_Test3" time="2.007"/>
  <testcase classname="executors.SauceDemoTest" name="_Test8" time="2.203"/>
  <testcase classname="executors.SauceDemoTest" name="_Test4" time="0.873"/>
  <testcase classname="executors.SauceDemoTest" name="_Test3" time="1.056"/>
  <testcase classname="executors.SauceDemoTest" name="_Test3" time="1.768"/>
  <testcase classname="executors.SauceDemoTest" name="_Test3" time="6.964"/>
  <testcase classname="executors.SauceDemoTest" name="_Test4" time="0.768"/>
  <testcase classname="executors.SauceDemoTest" name="_Test9" time="1.690"/>
  <testcase classname="executors.SauceDemoTest" name="_Test4" time="0.823"/>
  <testcase classname="executors.SauceDemoTest" name="_Test6" time="4.035"/>
  <testcase classname="executors.SauceDemoTest" name="_Test7" time="5.625"/>
  <testcase classname="executors.SauceDemoTest" name="_Test5" time="0.839"/>
  <testcase classname="executors.SauceDemoTest" name="test10" time="2.473"/>
  <testcase classname="executors.SauceDemoTest" name="_Test3" time="6.303"/>
  <testcase classname="executors.SauceDemoTest" name="_Test3" time="0.634"/>
  <testcase classname="executors.SauceDemoTest" name="_Test1" time="1.040"/>
  <testcase classname="executors.SauceDemoTest" name="_Test2" time="0.504"/>
</testsuite> <!-- executors.SauceDemoTest -->
