<?xml version="1.0" encoding="UTF-8"?>
<!-- Generated by org.testng.reporters.JUnitReportReporter -->
<testsuite hostname="W11VM-120" failures="0" tests="3" name="executors.DemoInsuranceAppTestsuite1" time="10.600" errors="0" timestamp="2025-05-07T10:46:24 MESZ" skipped="0">
  <testcase classname="executors.DemoInsuranceAppTestsuite1" name="_Test1" time="3.064"/>
  <testcase classname="executors.DemoInsuranceAppTestsuite1" name="_Test2" time="1.717"/>
  <testcase classname="executors.DemoInsuranceAppTestsuite1" name="_Test3" time="5.819"/>
</testsuite> <!-- executors.DemoInsuranceAppTestsuite1 -->
