<?xml version="1.0" encoding="UTF-8"?>
<!-- Generated by org.testng.reporters.JUnitReportReporter -->
<testsuite hostname="W11VM-120" failures="0" tests="17" name="executors.SauceDemoTest" time="34.498" errors="0" timestamp="2024-11-27T10:48:17 MEZ" skipped="0">
  <testcase classname="executors.SauceDemoTest" name="_Test6" time="3.683"/>
  <testcase classname="executors.SauceDemoTest" name="_Test9" time="1.437"/>
  <testcase classname="executors.SauceDemoTest" name="_Test8" time="2.661"/>
  <testcase classname="executors.SauceDemoTest" name="_Test3" time="1.557"/>
  <testcase classname="executors.SauceDemoTest" name="test10" time="2.542"/>
  <testcase classname="executors.SauceDemoTest" name="_Test3" time="1.565"/>
  <testcase classname="executors.SauceDemoTest" name="_Test7" time="6.092"/>
  <testcase classname="executors.SauceDemoTest" name="_Test4" time="0.711"/>
  <testcase classname="executors.SauceDemoTest" name="_Test4" time="0.672"/>
  <testcase classname="executors.SauceDemoTest" name="_Test3" time="6.583"/>
  <testcase classname="executors.SauceDemoTest" name="_Test4" time="0.639"/>
  <testcase classname="executors.SauceDemoTest" name="_Test3" time="2.417"/>
  <testcase classname="executors.SauceDemoTest" name="_Test3" time="0.512"/>
  <testcase classname="executors.SauceDemoTest" name="_Test5" time="0.709"/>
  <testcase classname="executors.SauceDemoTest" name="_Test2" time="0.485"/>
  <testcase classname="executors.SauceDemoTest" name="_Test1" time="0.762"/>
  <testcase classname="executors.SauceDemoTest" name="_Test3" time="1.471"/>
</testsuite> <!-- executors.SauceDemoTest -->
