<?xml version="1.0" encoding="UTF-8"?>
<!-- Generated by org.testng.reporters.JUnitReportReporter -->
<testsuite hostname="W11VM-120" failures="0" tests="2" name="executors.PerformanceTest" time="13.384" errors="0" timestamp="2024-12-13T16:26:02 MEZ" skipped="0">
  <testcase classname="executors.PerformanceTest" name="test_performance1" time="3.372"/>
  <testcase classname="executors.PerformanceTest" name="test_performance2" time="10.012"/>
</testsuite> <!-- executors.PerformanceTest -->
