<?xml version="1.0" encoding="UTF-8"?>
<!-- Generated by org.testng.reporters.JUnitReportReporter -->
<testsuite hostname="W11VM-120" failures="0" tests="19" name="executors.SauceDemoTest" time="43.833" errors="0" timestamp="2024-12-10T11:19:55 MEZ" skipped="0">
  <testcase classname="executors.SauceDemoTest" name="_Test3" time="1.611"/>
  <testcase classname="executors.SauceDemoTest" name="_Test3" time="1.637"/>
  <testcase classname="executors.SauceDemoTest" name="_Test2" time="2.373"/>
  <testcase classname="executors.SauceDemoTest" name="_Test3" time="1.184"/>
  <testcase classname="executors.SauceDemoTest" name="_Test3" time="6.574"/>
  <testcase classname="executors.SauceDemoTest" name="_Test9" time="1.535"/>
  <testcase classname="executors.SauceDemoTest" name="_Test4" time="0.676"/>
  <testcase classname="executors.SauceDemoTest" name="_Test6" time="3.530"/>
  <testcase classname="executors.SauceDemoTest" name="_Test8" time="1.744"/>
  <testcase classname="executors.SauceDemoTest" name="_Test7" time="5.709"/>
  <testcase classname="executors.SauceDemoTest" name="_Test3" time="0.743"/>
  <testcase classname="executors.SauceDemoTest" name="_Test5" time="0.936"/>
  <testcase classname="executors.SauceDemoTest" name="test10" time="2.188"/>
  <testcase classname="executors.SauceDemoTest" name="test_performance1" time="2.130"/>
  <testcase classname="executors.SauceDemoTest" name="_Test3" time="1.394"/>
  <testcase classname="executors.SauceDemoTest" name="test_performance2" time="7.400"/>
  <testcase classname="executors.SauceDemoTest" name="_Test4" time="0.792"/>
  <testcase classname="executors.SauceDemoTest" name="_Test1" time="1.163"/>
  <testcase classname="executors.SauceDemoTest" name="_Test4" time="0.514"/>
</testsuite> <!-- executors.SauceDemoTest -->
