<?xml version="1.0" encoding="UTF-8"?>
<!-- Generated by org.testng.reporters.JUnitReportReporter -->
<testsuite hostname="W11VM-120" failures="0" tests="8" name="executors.DemoInsuranceAppTestsuite1" time="32.625" errors="0" timestamp="2025-05-20T17:19:53 MESZ" skipped="0">
  <testcase classname="executors.DemoInsuranceAppTestsuite1" name="_Test1" time="2.103"/>
  <testcase classname="executors.DemoInsuranceAppTestsuite1" name="_Test8" time="3.143"/>
  <testcase classname="executors.DemoInsuranceAppTestsuite1" name="_Test2" time="1.456"/>
  <testcase classname="executors.DemoInsuranceAppTestsuite1" name="_Test3" time="4.365"/>
  <testcase classname="executors.DemoInsuranceAppTestsuite1" name="_Test5" time="6.664"/>
  <testcase classname="executors.DemoInsuranceAppTestsuite1" name="_Test7" time="4.014"/>
  <testcase classname="executors.DemoInsuranceAppTestsuite1" name="_Test4" time="5.875"/>
  <testcase classname="executors.DemoInsuranceAppTestsuite1" name="_Test6" time="5.005"/>
</testsuite> <!-- executors.DemoInsuranceAppTestsuite1 -->
