<?xml version="1.0" encoding="UTF-8"?>
<!-- Generated by org.testng.reporters.JUnitReportReporter -->
<testsuite hostname="W11VM-120" failures="0" tests="17" name="executors.SauceDemoTest" time="34.509" errors="0" timestamp="2024-12-11T18:05:00 MEZ" skipped="0">
  <testcase classname="executors.SauceDemoTest" name="_Test3" time="0.756"/>
  <testcase classname="executors.SauceDemoTest" name="_Test3" time="2.093"/>
  <testcase classname="executors.SauceDemoTest" name="_Test1" time="1.008"/>
  <testcase classname="executors.SauceDemoTest" name="_Test8" time="1.581"/>
  <testcase classname="executors.SauceDemoTest" name="_Test3" time="1.553"/>
  <testcase classname="executors.SauceDemoTest" name="test10" time="2.160"/>
  <testcase classname="executors.SauceDemoTest" name="_Test3" time="1.540"/>
  <testcase classname="executors.SauceDemoTest" name="_Test4" time="0.788"/>
  <testcase classname="executors.SauceDemoTest" name="_Test2" time="0.554"/>
  <testcase classname="executors.SauceDemoTest" name="_Test3" time="6.603"/>
  <testcase classname="executors.SauceDemoTest" name="_Test9" time="1.153"/>
  <testcase classname="executors.SauceDemoTest" name="_Test4" time="0.574"/>
  <testcase classname="executors.SauceDemoTest" name="_Test7" time="7.008"/>
  <testcase classname="executors.SauceDemoTest" name="_Test6" time="3.563"/>
  <testcase classname="executors.SauceDemoTest" name="_Test5" time="0.540"/>
  <testcase classname="executors.SauceDemoTest" name="_Test3" time="2.506"/>
  <testcase classname="executors.SauceDemoTest" name="_Test4" time="0.529"/>
</testsuite> <!-- executors.SauceDemoTest -->
